[  6%] Built target moveit_ros_planning_gencfg
[  6%] Built target shape_msgs_generate_messages_cpp
[  6%] Built target shape_msgs_generate_messages_eus
[  9%] Built target moveit_rdf_loader
[ 12%] Built target moveit_collision_plugin_loader
[ 12%] Built target shape_msgs_generate_messages_lisp
[ 16%] Built target moveit_constraint_sampler_manager_loader
[ 19%] Built target moveit_planning_pipeline
[ 19%] Built target shape_msgs_generate_messages_nodejs
[ 22%] Built target moveit_list_request_adapter_plugins
[ 22%] Built target shape_msgs_generate_messages_py
[ 22%] Built target geometry_msgs_generate_messages_cpp
[ 22%] Built target geometry_msgs_generate_messages_eus
[ 22%] Built target geometry_msgs_generate_messages_lisp
[ 22%] Built target geometry_msgs_generate_messages_py
[ 22%] Built target geometry_msgs_generate_messages_nodejs
[ 22%] Built target std_msgs_generate_messages_eus
[ 22%] Built target std_msgs_generate_messages_cpp
[ 22%] Built target std_msgs_generate_messages_lisp
[ 22%] Built target std_msgs_generate_messages_nodejs
[ 41%] Built target moveit_default_planning_request_adapter_plugins
[ 41%] Built target std_msgs_generate_messages_py
[ 41%] Built target visualization_msgs_generate_messages_cpp
[ 41%] Built target visualization_msgs_generate_messages_lisp
[ 41%] Built target visualization_msgs_generate_messages_eus
[ 41%] Built target visualization_msgs_generate_messages_py
[ 41%] Built target visualization_msgs_generate_messages_nodejs
[ 41%] Built target roscpp_generate_messages_cpp
[ 41%] Built target roscpp_generate_messages_eus
[ 41%] Built target roscpp_generate_messages_lisp
[ 41%] Built target roscpp_generate_messages_py
[ 41%] Built target roscpp_generate_messages_nodejs
[ 41%] Built target rosgraph_msgs_generate_messages_eus
[ 41%] Built target rosgraph_msgs_generate_messages_cpp
[ 41%] Built target rosgraph_msgs_generate_messages_lisp
[ 41%] Built target rosgraph_msgs_generate_messages_py
[ 41%] Built target rosgraph_msgs_generate_messages_nodejs
[ 41%] Built target moveit_msgs_generate_messages_cpp
[ 41%] Built target moveit_msgs_generate_messages_eus
[ 41%] Built target moveit_msgs_generate_messages_nodejs
[ 41%] Built target moveit_msgs_generate_messages_lisp
[ 41%] Built target actionlib_msgs_generate_messages_cpp
[ 41%] Built target actionlib_msgs_generate_messages_eus
[ 41%] Built target moveit_msgs_generate_messages_py
[ 41%] Built target actionlib_msgs_generate_messages_lisp
[ 41%] Built target actionlib_msgs_generate_messages_py
[ 41%] Built target actionlib_msgs_generate_messages_nodejs
[ 41%] Built target _catkin_empty_exported_target
[ 41%] Built target sensor_msgs_generate_messages_cpp
[ 41%] Built target sensor_msgs_generate_messages_nodejs
[ 41%] Built target sensor_msgs_generate_messages_lisp
[ 41%] Built target sensor_msgs_generate_messages_eus
[ 41%] Built target trajectory_msgs_generate_messages_cpp
[ 41%] Built target sensor_msgs_generate_messages_py
[ 41%] Built target trajectory_msgs_generate_messages_eus
[ 41%] Built target trajectory_msgs_generate_messages_nodejs
[ 41%] Built target trajectory_msgs_generate_messages_lisp
[ 41%] Built target trajectory_msgs_generate_messages_py
[ 41%] Built target object_recognition_msgs_generate_messages_cpp
[ 41%] Built target object_recognition_msgs_generate_messages_eus
[ 41%] Built target object_recognition_msgs_generate_messages_lisp
[ 41%] Built target object_recognition_msgs_generate_messages_nodejs
[ 41%] Built target octomap_msgs_generate_messages_cpp
[ 41%] Built target octomap_msgs_generate_messages_eus
[ 41%] Built target object_recognition_msgs_generate_messages_py
[ 41%] Built target octomap_msgs_generate_messages_py
[ 41%] Built target octomap_msgs_generate_messages_lisp
[ 41%] Built target octomap_msgs_generate_messages_nodejs
[ 41%] Built target tf2_msgs_generate_messages_eus
[ 41%] Built target tf2_msgs_generate_messages_lisp
[ 41%] Built target tf2_msgs_generate_messages_py
[ 41%] Built target tf2_msgs_generate_messages_cpp
[ 41%] Built target tf2_msgs_generate_messages_nodejs
[ 41%] Built target actionlib_generate_messages_cpp
[ 41%] Built target actionlib_generate_messages_lisp
[ 41%] Built target actionlib_generate_messages_eus
[ 41%] Built target actionlib_generate_messages_py
[ 41%] Built target actionlib_generate_messages_nodejs
[ 41%] Built target dynamic_reconfigure_generate_messages_cpp
[ 41%] Built target dynamic_reconfigure_generate_messages_eus
[ 41%] Built target dynamic_reconfigure_generate_messages_nodejs
[ 41%] Built target dynamic_reconfigure_generate_messages_py
[ 41%] Built target dynamic_reconfigure_gencfg
[ 41%] Built target dynamic_reconfigure_generate_messages_lisp
[ 45%] Built target moveit_kinematics_plugin_loader
[ 48%] Built target moveit_robot_model_loader
[ 51%] Built target moveit_print_planning_model_info
[ 54%] Built target moveit_kinematics_speed_and_validity_evaluator
[ 58%] Built target moveit_evaluate_state_operations_speed
[ 64%] Built target moveit_planning_scene_monitor
[ 67%] Built target moveit_trajectory_execution_manager
[ 70%] Built target moveit_publish_scene_from_text
[ 74%] Built target moveit_visualize_robot_collision_volume
[ 77%] Built target moveit_evaluate_collision_checking_speed
[ 80%] Built target moveit_display_random_state
[ 83%] Built target moveit_compare_collision_checking_speed_fcl_bullet
[ 87%] Built target moveit_print_planning_scene_info
[ 90%] Built target demo_scene
[100%] Built target moveit_plan_execution
[100%] Built target moveit_cpp
