[  6%] Built target moveit_ros_planning_gencfg
[  9%] Built target moveit_rdf_loader
[ 12%] Built target moveit_collision_plugin_loader
[ 16%] Built target moveit_kinematics_plugin_loader
[ 19%] Built target moveit_constraint_sampler_manager_loader
[ 22%] Built target moveit_planning_pipeline
[ 41%] Built target moveit_default_planning_request_adapter_plugins
[ 45%] Built target moveit_list_request_adapter_plugins
[ 45%] Built target shape_msgs_generate_messages_cpp
[ 45%] Built target shape_msgs_generate_messages_eus
[ 45%] Built target shape_msgs_generate_messages_lisp
[ 45%] Built target shape_msgs_generate_messages_nodejs
[ 45%] Built target shape_msgs_generate_messages_py
[ 45%] Built target geometry_msgs_generate_messages_cpp
[ 45%] Built target geometry_msgs_generate_messages_eus
[ 45%] Built target geometry_msgs_generate_messages_lisp
[ 45%] Built target geometry_msgs_generate_messages_nodejs
[ 45%] Built target geometry_msgs_generate_messages_py
[ 45%] Built target std_msgs_generate_messages_cpp
[ 45%] Built target std_msgs_generate_messages_eus
[ 45%] Built target std_msgs_generate_messages_lisp
[ 45%] Built target std_msgs_generate_messages_nodejs
[ 45%] Built target std_msgs_generate_messages_py
[ 45%] Built target visualization_msgs_generate_messages_cpp
[ 45%] Built target visualization_msgs_generate_messages_eus
[ 45%] Built target visualization_msgs_generate_messages_lisp
[ 45%] Built target visualization_msgs_generate_messages_nodejs
[ 45%] Built target visualization_msgs_generate_messages_py
[ 45%] Built target roscpp_generate_messages_cpp
[ 45%] Built target roscpp_generate_messages_eus
[ 45%] Built target roscpp_generate_messages_lisp
[ 45%] Built target roscpp_generate_messages_nodejs
[ 45%] Built target roscpp_generate_messages_py
[ 45%] Built target rosgraph_msgs_generate_messages_cpp
[ 45%] Built target rosgraph_msgs_generate_messages_eus
[ 45%] Built target rosgraph_msgs_generate_messages_lisp
[ 45%] Built target rosgraph_msgs_generate_messages_nodejs
[ 45%] Built target rosgraph_msgs_generate_messages_py
[ 45%] Built target moveit_msgs_generate_messages_cpp
[ 45%] Built target moveit_msgs_generate_messages_eus
[ 45%] Built target moveit_msgs_generate_messages_lisp
[ 45%] Built target moveit_msgs_generate_messages_nodejs
[ 45%] Built target moveit_msgs_generate_messages_py
[ 45%] Built target actionlib_msgs_generate_messages_cpp
[ 45%] Built target actionlib_msgs_generate_messages_eus
[ 45%] Built target actionlib_msgs_generate_messages_lisp
[ 45%] Built target actionlib_msgs_generate_messages_nodejs
[ 45%] Built target actionlib_msgs_generate_messages_py
[ 45%] Built target _catkin_empty_exported_target
[ 45%] Built target sensor_msgs_generate_messages_cpp
[ 45%] Built target sensor_msgs_generate_messages_eus
[ 45%] Built target sensor_msgs_generate_messages_lisp
[ 45%] Built target sensor_msgs_generate_messages_nodejs
[ 45%] Built target sensor_msgs_generate_messages_py
[ 45%] Built target trajectory_msgs_generate_messages_cpp
[ 45%] Built target trajectory_msgs_generate_messages_eus
[ 45%] Built target trajectory_msgs_generate_messages_lisp
[ 45%] Built target trajectory_msgs_generate_messages_nodejs
[ 45%] Built target trajectory_msgs_generate_messages_py
[ 45%] Built target object_recognition_msgs_generate_messages_cpp
[ 45%] Built target object_recognition_msgs_generate_messages_eus
[ 45%] Built target object_recognition_msgs_generate_messages_lisp
[ 45%] Built target object_recognition_msgs_generate_messages_nodejs
[ 45%] Built target object_recognition_msgs_generate_messages_py
[ 45%] Built target octomap_msgs_generate_messages_cpp
[ 45%] Built target octomap_msgs_generate_messages_eus
[ 45%] Built target octomap_msgs_generate_messages_lisp
[ 45%] Built target octomap_msgs_generate_messages_nodejs
[ 45%] Built target octomap_msgs_generate_messages_py
[ 45%] Built target tf2_msgs_generate_messages_cpp
[ 45%] Built target tf2_msgs_generate_messages_eus
[ 45%] Built target tf2_msgs_generate_messages_lisp
[ 45%] Built target tf2_msgs_generate_messages_nodejs
[ 45%] Built target tf2_msgs_generate_messages_py
[ 45%] Built target actionlib_generate_messages_cpp
[ 45%] Built target actionlib_generate_messages_eus
[ 45%] Built target actionlib_generate_messages_lisp
[ 45%] Built target actionlib_generate_messages_nodejs
[ 45%] Built target actionlib_generate_messages_py
[ 45%] Built target dynamic_reconfigure_generate_messages_cpp
[ 45%] Built target dynamic_reconfigure_generate_messages_eus
[ 45%] Built target dynamic_reconfigure_generate_messages_lisp
[ 45%] Built target dynamic_reconfigure_generate_messages_nodejs
[ 45%] Built target dynamic_reconfigure_generate_messages_py
[ 45%] Built target dynamic_reconfigure_gencfg
[ 48%] Built target moveit_robot_model_loader
[ 54%] Built target moveit_planning_scene_monitor
[ 58%] Built target moveit_print_planning_model_info
[ 61%] Built target moveit_print_planning_scene_info
[ 64%] Built target moveit_display_random_state
[ 67%] Built target moveit_visualize_robot_collision_volume
[ 70%] Built target moveit_evaluate_collision_checking_speed
[ 74%] Built target moveit_compare_collision_checking_speed_fcl_bullet
[ 77%] Built target moveit_kinematics_speed_and_validity_evaluator
[ 80%] Built target moveit_evaluate_state_operations_speed
[ 83%] Built target moveit_publish_scene_from_text
[ 87%] Built target moveit_trajectory_execution_manager
[ 90%] Built target demo_scene
[ 95%] Built target moveit_plan_execution
[100%] Built target moveit_cpp
