[  0%] Built target std_msgs_generate_messages_py
[  0%] Built target _xarm_msgs_generate_messages_check_deps_FtIdenLoad
[  0%] Built target _xarm_msgs_generate_messages_check_deps_RobotMsg
[  0%] Built target _xarm_msgs_generate_messages_check_deps_IOState
[  0%] Built target _xarm_msgs_generate_messages_check_deps_CIOState
[  0%] Built target _xarm_msgs_generate_messages_check_deps_Move
[  0%] Built target _xarm_msgs_generate_messages_check_deps_SetAxis
[  0%] Built target _xarm_msgs_generate_messages_check_deps_TCPOffset
[  0%] Built target _xarm_msgs_generate_messages_check_deps_SetInt16
[  0%] Built target _xarm_msgs_generate_messages_check_deps_SetDigitalIO
[  0%] Built target _xarm_msgs_generate_messages_check_deps_GetDigitalIO
[  0%] Built target _xarm_msgs_generate_messages_check_deps_GetAnalogIO
[  0%] Built target _xarm_msgs_generate_messages_check_deps_ClearErr
[  0%] Built target _xarm_msgs_generate_messages_check_deps_GetErr
[  0%] Built target _xarm_msgs_generate_messages_check_deps_GripperConfig
[  0%] Built target _xarm_msgs_generate_messages_check_deps_GripperState
[  0%] Built target _xarm_msgs_generate_messages_check_deps_GripperMove
[  0%] Built target _xarm_msgs_generate_messages_check_deps_SetLoad
[  0%] Built target _xarm_msgs_generate_messages_check_deps_ConfigToolModbus
[  0%] Built target _xarm_msgs_generate_messages_check_deps_SetToolModbus
[  0%] Built target _xarm_msgs_generate_messages_check_deps_GetControllerDigitalIO
[  0%] Built target _xarm_msgs_generate_messages_check_deps_SetControllerAnalogIO
[  0%] Built target _xarm_msgs_generate_messages_check_deps_MoveAxisAngle
[  0%] Built target _xarm_msgs_generate_messages_check_deps_MoveVelo
[  0%] Built target _xarm_msgs_generate_messages_check_deps_MoveVelocity
[  0%] Built target _xarm_msgs_generate_messages_check_deps_SetFloat32
[  0%] Built target _xarm_msgs_generate_messages_check_deps_SetString
[  0%] Built target _xarm_msgs_generate_messages_check_deps_SetMultipleInts
[  0%] Built target _xarm_msgs_generate_messages_check_deps_GetInt32
[  0%] Built target _xarm_msgs_generate_messages_check_deps_PlayTraj
[  0%] Built target std_msgs_generate_messages_eus
[  0%] Built target std_msgs_generate_messages_cpp
[  0%] Built target _xarm_msgs_generate_messages_check_deps_GetFloat32List
[  0%] Built target std_msgs_generate_messages_lisp
[  0%] Built target std_msgs_generate_messages_nodejs
[  0%] Built target _xarm_msgs_generate_messages_check_deps_SetModbusTimeout
[  0%] Built target _xarm_msgs_generate_messages_check_deps_GetSetModbusData
[  0%] Built target _xarm_msgs_generate_messages_check_deps_Call
[  0%] Built target _xarm_msgs_generate_messages_check_deps_FtCaliLoad
[ 39%] Built target xarm_msgs_generate_messages_lisp
[ 39%] Built target xarm_msgs_generate_messages_nodejs
[ 80%] Built target xarm_msgs_generate_messages_py
[ 80%] Built target xarm_msgs_generate_messages_cpp
[100%] Built target xarm_msgs_generate_messages_eus
[100%] Built target xarm_msgs_generate_messages
