[  0%] Built target actionlib_generate_messages_py
[  0%] Built target std_msgs_generate_messages_eus
[  0%] Built target std_msgs_generate_messages_lisp
[  0%] Built target std_msgs_generate_messages_nodejs
[  0%] Built target rosgraph_msgs_generate_messages_lisp
[  0%] Built target rosgraph_msgs_generate_messages_nodejs
[  0%] Built target rosgraph_msgs_generate_messages_py
[  0%] Built target moveit_msgs_generate_messages_cpp
[  0%] Built target geometry_msgs_generate_messages_cpp
[  0%] Built target geometry_msgs_generate_messages_eus
[  0%] Built target geometry_msgs_generate_messages_lisp
[  0%] Built target shape_msgs_generate_messages_cpp
[  0%] Built target roscpp_generate_messages_cpp
[  0%] Built target roscpp_generate_messages_eus
[  0%] Built target roscpp_generate_messages_lisp
[  0%] Built target shape_msgs_generate_messages_nodejs
[  0%] Built target shape_msgs_generate_messages_py
[  0%] Built target visualization_msgs_generate_messages_lisp
[  0%] Built target visualization_msgs_generate_messages_nodejs
[  0%] Built target visualization_msgs_generate_messages_py
[  0%] Built target geometry_msgs_generate_messages_nodejs
[  0%] Built target geometry_msgs_generate_messages_py
[  0%] Built target std_msgs_generate_messages_cpp
[  0%] Built target _catkin_empty_exported_target
[  0%] Built target sensor_msgs_generate_messages_cpp
[  0%] Built target sensor_msgs_generate_messages_eus
[  0%] Built target sensor_msgs_generate_messages_lisp
[  0%] Built target sensor_msgs_generate_messages_nodejs
[  0%] Built target sensor_msgs_generate_messages_py
[  0%] Built target trajectory_msgs_generate_messages_cpp
[  0%] Built target trajectory_msgs_generate_messages_eus
[  0%] Built target trajectory_msgs_generate_messages_lisp
[  0%] Built target trajectory_msgs_generate_messages_nodejs
[  0%] Built target trajectory_msgs_generate_messages_py
[  0%] Built target object_recognition_msgs_generate_messages_cpp
[  0%] Built target roscpp_generate_messages_nodejs
[  0%] Built target roscpp_generate_messages_py
[  0%] Built target rosgraph_msgs_generate_messages_cpp
[  0%] Built target rosgraph_msgs_generate_messages_eus
[  0%] Built target std_msgs_generate_messages_py
[  0%] Built target visualization_msgs_generate_messages_cpp
[  0%] Built target visualization_msgs_generate_messages_eus
[  0%] Built target actionlib_msgs_generate_messages_cpp
[  0%] Built target actionlib_msgs_generate_messages_eus
[  0%] Built target actionlib_msgs_generate_messages_lisp
[  0%] Built target actionlib_msgs_generate_messages_nodejs
[  0%] Built target actionlib_msgs_generate_messages_py
[  0%] Built target moveit_msgs_generate_messages_eus
[  0%] Built target moveit_msgs_generate_messages_lisp
[  0%] Built target moveit_msgs_generate_messages_nodejs
[  0%] Built target moveit_msgs_generate_messages_py
[  0%] Built target shape_msgs_generate_messages_eus
[  0%] Built target shape_msgs_generate_messages_lisp
[  0%] Built target object_recognition_msgs_generate_messages_eus
[  0%] Built target object_recognition_msgs_generate_messages_lisp
[  0%] Built target object_recognition_msgs_generate_messages_nodejs
[  0%] Built target object_recognition_msgs_generate_messages_py
[  0%] Built target octomap_msgs_generate_messages_cpp
[  0%] Built target octomap_msgs_generate_messages_eus
[  0%] Built target octomap_msgs_generate_messages_lisp
[  0%] Built target octomap_msgs_generate_messages_nodejs
[  0%] Built target octomap_msgs_generate_messages_py
[  0%] Built target tf2_msgs_generate_messages_cpp
[  0%] Built target tf2_msgs_generate_messages_eus
[  0%] Built target tf2_msgs_generate_messages_lisp
[  0%] Built target tf2_msgs_generate_messages_nodejs
[  0%] Built target tf2_msgs_generate_messages_py
[  0%] Built target actionlib_generate_messages_cpp
[  0%] Built target actionlib_generate_messages_eus
[  0%] Built target actionlib_generate_messages_lisp
[  0%] Built target actionlib_generate_messages_nodejs
[ 16%] [32mBuilding CXX object CMakeFiles/descartes_planner.dir/src/dense_planner.cpp.o[0m
[ 33%] [32mBuilding CXX object CMakeFiles/descartes_planner.dir/src/planning_graph.cpp.o[0m
[ 50%] [32mBuilding CXX object CMakeFiles/descartes_planner.dir/src/plugin_init.cpp.o[0m
[ 66%] [32mBuilding CXX object CMakeFiles/descartes_planner.dir/src/sparse_planner.cpp.o[0m
[ 83%] [32m[1mLinking CXX shared library /home/edgarcancinoe/xarm6/catkin_ws/devel/.private/descartes_planner/lib/libdescartes_planner.so[0m
[100%] Built target descartes_planner
