[  0%] Built target moveit_ros_manipulation_gencfg
[  0%] Built target roscpp_generate_messages_cpp
[ 25%] Built target planning_context_loader_lin
[ 25%] Built target pilz_industrial_motion_planner
[ 35%] Built target planning_context_loader_circ
[ 54%] Built target pilz_industrial_motion_planner_lib
[ 66%] Built target planning_context_loader_ptp
[ 66%] Built target roscpp_generate_messages_eus
[ 66%] Built target roscpp_generate_messages_nodejs
[ 66%] Built target roscpp_generate_messages_py
[ 66%] Built target rosgraph_msgs_generate_messages_cpp
[ 66%] Built target rosgraph_msgs_generate_messages_eus
[ 66%] Built target roscpp_generate_messages_lisp
[ 66%] Built target rosgraph_msgs_generate_messages_lisp
[ 66%] Built target rosgraph_msgs_generate_messages_nodejs
[ 66%] Built target rosgraph_msgs_generate_messages_py
[ 66%] Built target std_msgs_generate_messages_eus
[ 66%] Built target std_msgs_generate_messages_cpp
[ 66%] Built target std_msgs_generate_messages_lisp
[ 66%] Built target std_msgs_generate_messages_nodejs
[ 66%] Built target std_msgs_generate_messages_py
[ 66%] Built target shape_msgs_generate_messages_cpp
[ 66%] Built target shape_msgs_generate_messages_eus
[ 66%] Built target shape_msgs_generate_messages_nodejs
[ 66%] Built target shape_msgs_generate_messages_lisp
[ 66%] Built target shape_msgs_generate_messages_py
[ 66%] Built target geometry_msgs_generate_messages_cpp
[ 66%] Built target geometry_msgs_generate_messages_eus
[ 66%] Built target geometry_msgs_generate_messages_lisp
[ 66%] Built target geometry_msgs_generate_messages_py
[ 66%] Built target visualization_msgs_generate_messages_cpp
[ 66%] Built target geometry_msgs_generate_messages_nodejs
[ 66%] Built target visualization_msgs_generate_messages_eus
[ 66%] Built target visualization_msgs_generate_messages_nodejs
[ 66%] Built target visualization_msgs_generate_messages_lisp
[ 66%] Built target visualization_msgs_generate_messages_py
[ 66%] Built target moveit_msgs_generate_messages_eus
[ 66%] Built target moveit_msgs_generate_messages_cpp
[ 66%] Built target moveit_msgs_generate_messages_lisp
[ 66%] Built target moveit_msgs_generate_messages_py
[ 66%] Built target moveit_msgs_generate_messages_nodejs
[ 66%] Built target actionlib_msgs_generate_messages_cpp
[ 66%] Built target actionlib_msgs_generate_messages_nodejs
[ 66%] Built target actionlib_msgs_generate_messages_eus
[ 66%] Built target actionlib_msgs_generate_messages_lisp
[ 66%] Built target actionlib_msgs_generate_messages_py
[ 66%] Built target sensor_msgs_generate_messages_eus
[ 66%] Built target sensor_msgs_generate_messages_cpp
[ 66%] Built target sensor_msgs_generate_messages_nodejs
[ 66%] Built target sensor_msgs_generate_messages_lisp
[ 66%] Built target sensor_msgs_generate_messages_py
[ 66%] Built target trajectory_msgs_generate_messages_cpp
[ 66%] Built target trajectory_msgs_generate_messages_eus
[ 66%] Built target trajectory_msgs_generate_messages_lisp
[ 66%] Built target trajectory_msgs_generate_messages_py
[ 66%] Built target trajectory_msgs_generate_messages_nodejs
[ 66%] Built target object_recognition_msgs_generate_messages_cpp
[ 66%] Built target object_recognition_msgs_generate_messages_eus
[ 66%] Built target object_recognition_msgs_generate_messages_lisp
[ 66%] Built target object_recognition_msgs_generate_messages_nodejs
[ 66%] Built target octomap_msgs_generate_messages_cpp
[ 66%] Built target octomap_msgs_generate_messages_eus
[ 66%] Built target object_recognition_msgs_generate_messages_py
[ 66%] Built target octomap_msgs_generate_messages_lisp
[ 66%] Built target octomap_msgs_generate_messages_nodejs
[ 66%] Built target octomap_msgs_generate_messages_py
[ 66%] Built target tf2_msgs_generate_messages_cpp
[ 66%] Built target tf2_msgs_generate_messages_eus
[ 66%] Built target tf2_msgs_generate_messages_lisp
[ 66%] Built target tf2_msgs_generate_messages_nodejs
[ 66%] Built target tf2_msgs_generate_messages_py
[ 66%] Built target actionlib_generate_messages_cpp
[ 66%] Built target actionlib_generate_messages_eus
[ 66%] Built target actionlib_generate_messages_nodejs
[ 66%] Built target actionlib_generate_messages_py
[ 66%] Built target actionlib_generate_messages_lisp
[ 66%] Built target dynamic_reconfigure_generate_messages_cpp
[ 66%] Built target moveit_ros_planning_gencfg
[ 66%] Built target dynamic_reconfigure_generate_messages_lisp
[ 66%] Built target dynamic_reconfigure_generate_messages_eus
[ 66%] Built target dynamic_reconfigure_generate_messages_nodejs
[ 66%] Built target dynamic_reconfigure_gencfg
[ 66%] Built target std_srvs_generate_messages_cpp
[ 66%] Built target std_srvs_generate_messages_eus
[ 66%] Built target dynamic_reconfigure_generate_messages_py
[ 66%] Built target std_srvs_generate_messages_lisp
[ 66%] Built target tf_generate_messages_cpp
[ 66%] Built target std_srvs_generate_messages_nodejs
[ 66%] Built target std_srvs_generate_messages_py
[ 66%] Built target tf_generate_messages_eus
[ 66%] Built target tf_generate_messages_py
[ 66%] Built target tf_generate_messages_nodejs
[ 66%] Built target tf_generate_messages_lisp
[ 70%] Built target command_list_manager
[ 83%] Built target pilz_industrial_motion_planner_testhelpers
[100%] Built target sequence_capability
