[  0%] Built target std_msgs_generate_messages_py
[  0%] Built target actionlib_msgs_generate_messages_py
[  0%] Built target _xarm_gripper_generate_messages_check_deps_MoveFeedback
[  0%] Built target std_msgs_generate_messages_cpp
[  0%] Built target _xarm_gripper_generate_messages_check_deps_MoveActionResult
[  0%] Built target _xarm_gripper_generate_messages_check_deps_MoveAction
[  0%] Built target actionlib_msgs_generate_messages_cpp
[  0%] Built target _xarm_gripper_generate_messages_check_deps_MoveActionGoal
[  0%] Built target actionlib_msgs_generate_messages_eus
[  0%] Built target _xarm_gripper_generate_messages_check_deps_MoveResult
[  0%] Built target std_msgs_generate_messages_eus
[  0%] Built target _xarm_gripper_generate_messages_check_deps_MoveActionFeedback
[  0%] Built target _xarm_gripper_generate_messages_check_deps_MoveGoal
[  0%] Built target std_msgs_generate_messages_lisp
[  0%] Built target actionlib_msgs_generate_messages_lisp
[  0%] Built target std_msgs_generate_messages_nodejs
[  0%] Built target actionlib_msgs_generate_messages_nodejs
[  0%] Built target roscpp_generate_messages_cpp
[  0%] Built target roscpp_generate_messages_eus
[  0%] Built target roscpp_generate_messages_lisp
[  0%] Built target roscpp_generate_messages_nodejs
[  0%] Built target rosgraph_msgs_generate_messages_cpp
[  0%] Built target roscpp_generate_messages_py
[  0%] Built target rosgraph_msgs_generate_messages_lisp
[  0%] Built target rosgraph_msgs_generate_messages_eus
[  0%] Built target rosgraph_msgs_generate_messages_py
[  0%] Built target rosgraph_msgs_generate_messages_nodejs
[  0%] Built target actionlib_generate_messages_cpp
[  0%] Built target actionlib_generate_messages_eus
[  0%] Built target actionlib_generate_messages_lisp
[  0%] Built target actionlib_generate_messages_nodejs
[  0%] Built target actionlib_generate_messages_py
[  0%] Built target control_msgs_generate_messages_cpp
[  0%] Built target control_msgs_generate_messages_eus
[  0%] Built target control_msgs_generate_messages_lisp
[  0%] Built target control_msgs_generate_messages_nodejs
[  0%] Built target control_msgs_generate_messages_py
[  0%] Built target geometry_msgs_generate_messages_cpp
[  0%] Built target geometry_msgs_generate_messages_eus
[  0%] Built target geometry_msgs_generate_messages_lisp
[  0%] Built target geometry_msgs_generate_messages_nodejs
[  0%] Built target geometry_msgs_generate_messages_py
[  0%] Built target trajectory_msgs_generate_messages_cpp
[  0%] Built target trajectory_msgs_generate_messages_eus
[  0%] Built target trajectory_msgs_generate_messages_nodejs
[  0%] Built target trajectory_msgs_generate_messages_lisp
[  0%] Built target trajectory_msgs_generate_messages_py
[  0%] Built target xarm_msgs_generate_messages_cpp
[  0%] Built target xarm_msgs_generate_messages_eus
[  0%] Built target xarm_msgs_generate_messages_lisp
[  0%] Built target xarm_msgs_generate_messages_nodejs
[  0%] Built target xarm_msgs_generate_messages_py
[ 19%] Built target xarm_gripper_generate_messages_py
[ 39%] Built target xarm_gripper_generate_messages_eus
[ 56%] Built target xarm_gripper_generate_messages_cpp
[ 73%] Built target xarm_gripper_generate_messages_nodejs
[ 90%] Built target xarm_gripper_generate_messages_lisp
[ 95%] Built target gripper_action_server
[100%] Built target gripper_client
[100%] Built target xarm_gripper_generate_messages
